0 info it worked if it ends with ok
1 verbose cli [ 'C:\\Program Files\\nodejs\\\\node.exe',
1 verbose cli   'C:\\Program Files\\nodejs\\node_modules\\npm\\bin\\npm-cli.js',
1 verbose cli   'install',
1 verbose cli   'chessboard' ]
2 info using npm@1.4.28
3 info using node@v0.10.35
4 verbose node symlink C:\Program Files\nodejs\\node.exe
5 warn package.json NodeChatSystem@0.0.1 No repository field.
6 warn package.json NodeChatSystem@0.0.1 No README data
7 verbose readDependencies using package.json deps
8 verbose cache add [ 'chessboard', null ]
9 verbose cache add name=undefined spec="chessboard" args=["chessboard",null]
10 verbose parsed url { protocol: null,
10 verbose parsed url   slashes: null,
10 verbose parsed url   auth: null,
10 verbose parsed url   host: null,
10 verbose parsed url   port: null,
10 verbose parsed url   hostname: null,
10 verbose parsed url   hash: null,
10 verbose parsed url   search: null,
10 verbose parsed url   query: null,
10 verbose parsed url   pathname: 'chessboard',
10 verbose parsed url   path: 'chessboard',
10 verbose parsed url   href: 'chessboard' }
11 silly lockFile 20c4545d-chessboard chessboard
12 verbose lock chessboard C:\Users\Kenny Gea\AppData\Roaming\npm-cache\20c4545d-chessboard.lock
13 silly lockFile 20c4545d-chessboard chessboard
14 silly lockFile 20c4545d-chessboard chessboard
15 verbose addNamed [ 'chessboard', '' ]
16 verbose addNamed [ null, '*' ]
17 silly lockFile c6697547-chessboard chessboard@
18 verbose lock chessboard@ C:\Users\Kenny Gea\AppData\Roaming\npm-cache\c6697547-chessboard.lock
19 silly addNameRange { name: 'chessboard', range: '*', hasData: false }
20 verbose request where is /chessboard
21 verbose request registry https://registry.npmjs.org/
22 verbose request id eba9cb298888639a
23 verbose url raw /chessboard
24 verbose url resolving [ 'https://registry.npmjs.org/', './chessboard' ]
25 verbose url resolved https://registry.npmjs.org/chessboard
26 verbose request where is https://registry.npmjs.org/chessboard
27 info trying registry request attempt 1 at 15:30:53
28 http GET https://registry.npmjs.org/chessboard
29 http 404 https://registry.npmjs.org/chessboard
30 verbose headers { server: 'CouchDB/1.5.0 (Erlang OTP/R16B03)',
30 verbose headers   'content-type': 'application/json',
30 verbose headers   'cache-control': 'max-age=0',
30 verbose headers   'content-length': '51',
30 verbose headers   'accept-ranges': 'bytes',
30 verbose headers   date: 'Mon, 20 Jul 2015 07:31:00 GMT',
30 verbose headers   via: '1.1 varnish',
30 verbose headers   age: '0',
30 verbose headers   connection: 'keep-alive',
30 verbose headers   'x-served-by': 'cache-nrt6120-NRT',
30 verbose headers   'x-cache': 'MISS',
30 verbose headers   'x-cache-hits': '0',
30 verbose headers   'x-timer': 'S1437377459.344547,VS0,VE712' }
31 silly registry.get cb [ 404,
31 silly registry.get   { server: 'CouchDB/1.5.0 (Erlang OTP/R16B03)',
31 silly registry.get     'content-type': 'application/json',
31 silly registry.get     'cache-control': 'max-age=0',
31 silly registry.get     'content-length': '51',
31 silly registry.get     'accept-ranges': 'bytes',
31 silly registry.get     date: 'Mon, 20 Jul 2015 07:31:00 GMT',
31 silly registry.get     via: '1.1 varnish',
31 silly registry.get     age: '0',
31 silly registry.get     connection: 'keep-alive',
31 silly registry.get     'x-served-by': 'cache-nrt6120-NRT',
31 silly registry.get     'x-cache': 'MISS',
31 silly registry.get     'x-cache-hits': '0',
31 silly registry.get     'x-timer': 'S1437377459.344547,VS0,VE712' } ]
32 silly lockFile c6697547-chessboard chessboard@
33 silly lockFile c6697547-chessboard chessboard@
34 error 404 404 Not Found: chessboard
34 error 404
34 error 404 'chessboard' is not in the npm registry.
34 error 404 You should bug the author to publish it
34 error 404 It was specified as a dependency of 'NodeChatSystem'
34 error 404
34 error 404 Note that you can also install from a
34 error 404 tarball, folder, or http url, or git url.
35 error System Windows_NT 6.1.7601
36 error command "C:\\Program Files\\nodejs\\\\node.exe" "C:\\Program Files\\nodejs\\node_modules\\npm\\bin\\npm-cli.js" "install" "chessboard"
37 error cwd C:\Users\Kenny Gea\Desktop\ChessDemo
38 error node -v v0.10.35
39 error npm -v 1.4.28
40 error code E404
41 verbose exit [ 1, true ]
